========================================
SPTAG 内存索引性能测试监控
========================================
开始时间: 2026-04-14 10:17:27
已清除缓存: 是

========================================
实验环境
========================================
内核版本: 6.17.0-20-generic
操作系统: Ubuntu 24.04.4 LTS
CPU: 
CPU 核心数: 16
内存总量: 
磁盘信息:
NAME      SIZE TYPE
sda     931.5G disk
nvme0n1 238.5G disk

========================================
实验配置
========================================
被测命令: ./Release/indexbuilder -d 128 -v Float -f XVEC -i /media/ray/1tb/sift1m/sift_base.fvecs -o /media/ray/1tb/sift1m/bkt_memory_index_4t -a BKT -c config/bkt_build.ini Index.NumberOfThreads=4
采样间隔: 1 秒
监控磁盘: /media/ray/1tb (sda)

[1] Using AVX2 InstructionSet!
[1] Set QuantizerFile = 
[1] Set [Index]NumberOfThreads = 4
[1] Setting DistCalcMethod with value L2
[1] Setting NumberOfThreads with value 32
[1] Setting NumberOfThreads with value 32
[1] Setting NumberOfThreads with value 32
[1] Setting NumberOfThreads with value 32
[1] Setting BKTKmeansK with value 32
[1] Setting BKTLeafSize with value 8
[1] Setting MaxCheckForRefineGraph with value 512
[1] Setting NeighborhoodSize with value 32
[1] Setting NumberOfThreads with value 4
[1] Setting RefineIterations with value 1
[1] Setting Samples with value 1000
[1] Setting TPTLeafSize with value 2000
[1] Setting TPTNumber with value 8
[1] Begin build index...
[1] KmeansArgs: Using none quantizer!
[1] Start to build BKTree 1
[1] Lambda:min(1e-05,87.0116) Max:54930 Min:6669 Avg:31250.000000 Std/Avg:0.362979 Dist:95150276608.000000 NonZero/Total:32/32
[1] Lambda:min(1e-05,59.9925) Max:3886 Min:0 Avg:1716.531250 Std/Avg:0.557137 Dist:3058457856.000000 NonZero/Total:29/32
[1] Lambda:min(1e-05,27.3199) Max:379 Min:0 Avg:121.406250 Std/Avg:0.768708 Dist:98190432.000000 NonZero/Total:29/32
[1] Lambda:min(2.6455e-05,83.2191) Max:43 Min:1 Avg:11.812500 Std/Avg:1.085043 Dist:3730583.000000 NonZero/Total:32/32
[1] Lambda:min(0.000238095,125.162) Max:3 Min:1 Avg:1.312500 Std/Avg:0.483281 Dist:16356.000000 NonZero/Total:32/32
[1] Lambda:min(0.000238095,151.35) Max:3 Min:1 Avg:1.312500 Std/Avg:0.444161 Dist:18196.000000 NonZero/Total:32/32
[1] 1 BKTree built, 1000002 1000000
[1] Build Tree time (s): 21
[1] build RNG graph!
[1] Parallel TpTree Partition begin
[1] Finish Getting Leaves for Tree 0
[1] Finish Getting Leaves for Tree 1
[1] Finish Getting Leaves for Tree 2
[1] Finish Getting Leaves for Tree 3
[1] Finish Getting Leaves for Tree 4
[1] Finish Getting Leaves for Tree 5
[1] Finish Getting Leaves for Tree 6
[1] Finish Getting Leaves for Tree 7
[1] Parallel TpTree Partition done
[1] Build TPTree time (s): 4
[1] Processing Tree 0 0%
[1] Processing Tree 1 0%
[1] Processing Tree 2 0%
[1] Processing Tree 3 0%
[1] Processing Tree 3 20%
[1] Processing Tree 3 40%
[1] Processing Tree 3 60%
[1] Processing Tree 3 80%
[1] Processing Tree 4 0%
[1] Processing Tree 5 0%
[1] Processing Tree 6 0%
[1] Processing Tree 7 0%
[1] Process TPTree time (s): 82
[1] BuildInitKNNGraph time (s): 86
[1] Refine 0 0%
[1] Refine 0 20%
[1] Refine 0 40%
[1] Refine 0 60%
[1] Refine 0 80%
[1] Refine RNG time (s): 626 Graph Acc: 0.965312
[1] BuildGraph time (s): 713
[1] Build Graph time (s): 714
[1] SaveIndex(/media/ray/1tb/sift1m/bkt_memory_index_4t) begin...ready:1 GetNumSamples():1000000 GetNumDeleted():0
[1] Save Vector (1000000,128) Finish!
[1] Save BKT (1,1000002) Finish!
[1] Save RNG (1000000,32) Finish!
[1] Save DeleteID (1000000,1) Finish!

========================================
实验统计摘要
========================================
结束时间: 2026-04-14 10:29:45
总运行时间: 737.6 秒
采样次数: 690

CPU 使用率: 平均 370.9%, 峰值 393.00%
内存占用 (RSS): 平均 785.3 MB, 峰值 1030.14 MB
内存占用 (VSZ): 峰值 1331.87 MB

磁盘 I/O:
  累计读取: 492 MB
  累计写入: 0 MB

阶段耗时:
  BuildTree: 22.2s

========================================
输出文件
========================================
CSV 文件: results/build/bkt_build_4t_nocache.csv
LOG 文件: results/build/bkt_build_4t_nocache.log
========================================
