========================================
SPTAG 内存索引性能测试监控
========================================
开始时间: 2026-04-14 09:56:35
已清除缓存: 是

========================================
实验环境
========================================
内核版本: 6.17.0-20-generic
操作系统: Ubuntu 24.04.4 LTS
CPU: 
CPU 核心数: 16
内存总量: 
磁盘信息:
NAME      SIZE TYPE
sda     931.5G disk
nvme0n1 238.5G disk

========================================
实验配置
========================================
被测命令: ./Release/indexbuilder -d 128 -v Float -f XVEC -i /media/ray/1tb/sift1m/sift_base.fvecs -o /media/ray/1tb/sift1m/bkt_memory_index_16t -a BKT -c config/bkt_build.ini Index.NumberOfThreads=14
采样间隔: 1 秒
监控磁盘: /media/ray/1tb (sda)

[1] Using AVX2 InstructionSet!
[1] Set QuantizerFile = 
[1] Set [Index]NumberOfThreads = 14
[1] Setting DistCalcMethod with value L2
[1] Setting NumberOfThreads with value 32
[1] Setting NumberOfThreads with value 32
[1] Setting NumberOfThreads with value 32
[1] Setting NumberOfThreads with value 32
[1] Setting BKTKmeansK with value 32
[1] Setting BKTLeafSize with value 8
[1] Setting MaxCheckForRefineGraph with value 512
[1] Setting NeighborhoodSize with value 32
[1] Setting NumberOfThreads with value 14
[1] Setting RefineIterations with value 1
[1] Setting Samples with value 1000
[1] Setting TPTLeafSize with value 2000
[1] Setting TPTNumber with value 8
[1] Begin build index...
[1] KmeansArgs: Using none quantizer!
[1] Start to build BKTree 1
[1] Lambda:min(1e-05,94.8773) Max:56423 Min:3864 Avg:31250.000000 Std/Avg:0.388961 Dist:95855976448.000000 NonZero/Total:32/32
[1] Lambda:min(1e-05,66.2453) Max:4165 Min:327 Avg:1763.187500 Std/Avg:0.499918 Dist:3650415616.000000 NonZero/Total:32/32
[1] Lambda:min(1e-05,49.6715) Max:441 Min:0 Avg:130.125000 Std/Avg:0.751807 Dist:199374144.000000 NonZero/Total:31/32
[1] Lambda:min(2.27273e-05,57.5234) Max:89 Min:1 Avg:13.750000 Std/Avg:1.285392 Dist:12565020.000000 NonZero/Total:32/32
[1] Lambda:min(0.000113636,130.216) Max:11 Min:1 Avg:2.750000 Std/Avg:0.987526 Dist:1245863.000000 NonZero/Total:32/32
[1] Lambda:min(0.001,0) Max:1 Min:0 Avg:0.312500 Std/Avg:1.483240 Dist:0.000000 NonZero/Total:10/32
[1] Lambda:min(0.001,0) Max:1 Min:0 Avg:0.312500 Std/Avg:1.483240 Dist:0.000000 NonZero/Total:10/32
[1] 1 BKTree built, 1000002 1000000
[1] Build Tree time (s): 90
[1] build RNG graph!
[1] Parallel TpTree Partition begin
[1] Finish Getting Leaves for Tree 0
[1] Finish Getting Leaves for Tree 1
[1] Finish Getting Leaves for Tree 2
[1] Finish Getting Leaves for Tree 4
[1] Finish Getting Leaves for Tree 5
[1] Finish Getting Leaves for Tree 3
[1] Finish Getting Leaves for Tree 6
[1] Finish Getting Leaves for Tree 7
[1] Parallel TpTree Partition done
[1] Build TPTree time (s): 3
[1] Processing Tree 0 0%
[1] Processing Tree 1 0%
[1] Processing Tree 2 0%
[1] Processing Tree 3 0%
[1] Processing Tree 4 0%
[1] Processing Tree 4 20%
[1] Processing Tree 4 40%
[1] Processing Tree 4 60%
[1] Processing Tree 4 80%
[1] Processing Tree 5 0%
[1] Processing Tree 6 0%
[1] Processing Tree 7 0%
[1] Process TPTree time (s): 99
[1] BuildInitKNNGraph time (s): 102
[1] Refine 0 0%
[1] Refine 0 20%
[1] Refine 0 40%
[1] Refine 0 60%
[1] Refine 0 80%
[1] Refine RNG time (s): 503 Graph Acc: 0.970625
[1] BuildGraph time (s): 606
[1] Build Graph time (s): 606
[1] SaveIndex(/media/ray/1tb/sift1m/bkt_memory_index_16t) begin...ready:1 GetNumSamples():1000000 GetNumDeleted():0
[1] Save Vector (1000000,128) Finish!
[1] Save BKT (1,1000002) Finish!
[1] Save RNG (1000000,32) Finish!
[1] Save DeleteID (1000000,1) Finish!

========================================
实验统计摘要
========================================
结束时间: 2026-04-14 10:08:15
总运行时间: 699.3 秒
采样次数: 588

CPU 使用率: 平均 862.7%, 峰值 1189.00%
内存占用 (RSS): 平均 786.7 MB, 峰值 1030.27 MB
内存占用 (VSZ): 峰值 1773.43 MB

磁盘 I/O:
  累计读取: 492 MB
  累计写入: 0 MB

阶段耗时:
  BuildTree: 90.2s

========================================
输出文件
========================================
CSV 文件: results/build/bkt_build_16t_nocache.csv
LOG 文件: results/build/bkt_build_16t_nocache.log
========================================
