========================================
SPANN 索引性能测试监控
========================================
开始时间: 2026-04-12 21:46:23
已清除缓存: 是

========================================
实验环境
========================================
内核版本: 6.17.0-20-generic
操作系统: Ubuntu 24.04.4 LTS
CPU: 
CPU 核心数: 16
内存总量: 
磁盘信息:
NAME      SIZE TYPE
sda     931.5G disk
nvme0n1 238.5G disk

========================================
实验配置
========================================
配置文件: /home/ray/code/SPTAG/spann_search_only.ini
被测命令: /home/ray/code/SPTAG/Release/ssdserving /home/ray/code/SPTAG/spann_search_only.ini
采样间隔: 1 秒
监控磁盘: /media/ray/1tb (sda)
索引目录: /media/ray/1tb/sift1m/spann_index

[1] Using AVX2 InstructionSet!
[1] Set QuantizerFile = 
[1] Setting Dim with value 128
[1] Setting DistCalcMethod with value L2
[1] Setting IndexAlgoType with value BKT
[1] Setting IndexDirectory with value /media/ray/1tb/sift1m/spann_index
[1] Setting QueryPath with value /media/ray/1tb/sift1m/sift_query.fvecs
[1] Setting QueryType with value XVEC
[1] Setting TruthPath with value /media/ray/1tb/sift1m/sift_groundtruth.ivecs
[1] Setting TruthType with value XVEC
[1] Setting ValueType with value Float
[1] Setting VectorPath with value /media/ray/1tb/sift1m/sift_base.fvecs
[1] Setting VectorType with value XVEC
[1] Setting isExecute with value false
[1] Setting SearchInternalResultNum with value 32
[1] Setting BuildSsdIndex with value false
[1] Setting HashTableExponent with value 12
[1] Setting isExecute with value true
[1] Setting MaxCheck with value 2048
[1] Setting MaxDistRatio with value 8.0
[1] Setting NumberOfThreads with value 16
[1] Setting ResultNum with value 10
[1] Setting SearchPostingPageLimit with value 15
[1] Setting SearchThreadNum with value 8
[1] Setting isExecute with value false
[1] Begin Select Head...
[1] select head time: 0.00s
[1] Begin Build Head...
[1] select head time: 0.00s build head time: 0.00s
[1] Begin Build SSDIndex...
[1] Setting TreeFilePath with value tree.bin
[1] Setting GraphFilePath with value graph.bin
[1] Setting VectorFilePath with value vectors.bin
[1] Setting DeleteVectorFilePath with value deletes.bin
[1] Setting EnableBfs with value 0
[1] Setting BKTNumber with value 1
[1] Setting BKTKmeansK with value 32
[1] Setting BKTLeafSize with value 8
[1] Setting Samples with value 1000
[1] Setting BKTLambdaFactor with value 100.000000
[1] Setting TPTNumber with value 32
[1] Setting TPTLeafSize with value 2000
[1] Setting NumTopDimensionTpTreeSplit with value 5
[1] Setting NeighborhoodSize with value 32
[1] Setting GraphNeighborhoodScale with value 2.000000
[1] Setting GraphCEFScale with value 2.000000
[1] Setting RefineIterations with value 3
[1] Setting EnableRebuild with value 0
[1] Setting CEF with value 1000
[1] Setting AddCEF with value 500
[1] Setting MaxCheckForRefineGraph with value 8192
[1] Setting RNGFactor with value 1.000000
[1] Setting GPUGraphType with value 2
[1] Setting GPURefineSteps with value 0
[1] Setting GPURefineDepth with value 30
[1] Setting GPULeafSize with value 500
[1] Setting HeadNumGPUs with value 1
[1] Setting TPTBalanceFactor with value 2
[1] Setting NumberOfThreads with value 16
[1] Setting DistCalcMethod with value L2
[1] Setting DeletePercentageForRefine with value 0.400000
[1] Setting AddCountForRebuild with value 1000
[1] Setting MaxCheck with value 8192
[1] Setting ThresholdOfNumberOfContinuousNoBetterPropagation with value 3
[1] Setting NumberOfInitialDynamicPivots with value 50
[1] Setting NumberOfOtherDynamicPivots with value 4
[1] Setting HashTableExponent with value 2
[1] Setting DataBlockSize with value 1048576
[1] Setting DataCapacity with value 2147483647
[1] Setting MetaRecordSize with value 10
[1] Load Vector (159925,128) Finish!
[1] Load BKT (1,159927) Finish!
[1] Load RNG (159925,32) Finish!
[1] Load DeleteID (159925,1) Finish!
[1] Setting NumberOfThreads with value 16
[1] Setting MaxCheck with value 2048
[1] Setting HashTableExponent with value 12
[1] Load Data (159925,1) Finish!
[1] Load index with posting page limit:15
[1] AsyncFileIO::Open a file
[1] AsyncFileIO::InitializeFileIo: file has been created with enough space.
[1] AsyncFileIO::InitializeFileIo: file /media/ray/1tb/sift1m/spann_index/SPTAGFullList.bin opened, fd=3 threads=16 maxNumBlocks=32
[1] Finish reading header info, list count 159925, total doc count 1000000, dimension 128, list page offset 469.
[1] Big page (>4K): list count 158931, total element count 5993063.
[1] Total Element Count: 5994965
[1] Page Count Dist: 0 671
[1] Page Count Dist: 1 323
[1] Page Count Dist: 2 5420
[1] Page Count Dist: 3 20302
[1] Page Count Dist: 4 33895
[1] Page Count Dist: 5 35640
[1] Page Count Dist: 6 27555
[1] Page Count Dist: 7 17519
[1] Page Count Dist: 8 9570
[1] Page Count Dist: 9 4883
[1] Page Count Dist: 10 2271
[1] Page Count Dist: 11 1056
[1] Page Count Dist: 12 456
[1] Page Count Dist: 13 191
[1] Page Count Dist: 14 95
[1] Page Count Dist: 15 78
[1] Load versionLabelID From /media/ray/1tb/sift1m/spann_index/DeletedIDs.bin
[1] Load versionLabelID (1000000,1) Finish!
[1] Current vector num: 1000000.
[1] select head time: 0.00s build head time: 0.00s build ssd time: 0.00s
[1] Start loading QuerySet...
[1] Start ANN Search...
[1] Searching: numThread: 8, numQueries: 10000.
[1] Sent 0.00%...
[1] Finish sending in 116.658 seconds, actuallQPS is 85.72, query count 10000.
[1] 
Finish ANN Search...
[1] 
Load VectorSet(1000000,128).
[1] Start loading TruthFile...
[1] Recall10@10: 0.938944 MRR@10: 1.000000
[1] 
Ex Elements Count:
[1] Avg	50tiles	90tiles	95tiles	99tiles	99.9tiles	Max
[1] 1173.173	1216.000	1479.000	1554.000	1680.000	1876.000	2168.000
[1] 
Head Latency Distribution:
[1] Avg	50tiles	90tiles	95tiles	99tiles	99.9tiles	Max
[1] 70.080	68.169	76.367	81.102	100.953	152.235	294.229
[1] 
Ex Latency Distribution:
[1] Avg	50tiles	90tiles	95tiles	99tiles	99.9tiles	Max
[1] 23.056	22.302	26.339	28.725	35.141	53.919	134.825
[1] 
Total Latency Distribution:
[1] Avg	50tiles	90tiles	95tiles	99tiles	99.9tiles	Max
[1] 93.136	90.785	101.637	107.169	132.280	180.519	429.054
[1] 
Total Disk Page Access Distribution:
[1] Avg	50tiles	90tiles	95tiles	99tiles	99.9tiles	Max
[1] 182.407	 187	 218	 226	 242	 264	 297
[1] 
Total Disk IO Distribution:
[1] Avg	50tiles	90tiles	95tiles	99tiles	99.9tiles	Max
[1] 31.746	  32	  32	  32	  32	  32	  32
[1] 
[1] Recall@10: 0.938944 MRR@10: 1.000000
[1] 
[1] AsyncFileReader: Destroying fd=3!
[1] AsyncFileReader: ShutDown!

========================================
实验统计摘要
========================================
结束时间: 2026-04-12 21:48:24
总运行时间: 120.4 秒
采样次数: 85

CPU 使用率: 平均 695.7%, 峰值 750.00%
内存占用 (RSS): 平均 5045.0 MB, 峰值 5292.34 MB
内存占用 (VSZ): 峰值 5867.60 MB

磁盘 I/O:
  累计读取: 7729 MB
  累计写入: 0 MB

阶段耗时:
  BuildSSDIndex: 1.1s
  SearchSSDIndex: 116.5s

========================================
输出文件
========================================
CSV 文件: /home/ray/code/SPTAG/spann_search_8t_nocache.csv
LOG 文件: /home/ray/code/SPTAG/spann_search_8t_nocache.log
========================================
